INFO:root:GET /kontakt.html 200 OK
INFO:root:GET /style.css 200 OK
INFO:root:GET /img/instagram.png 200 OK
INFO:root:GET /img/facebook.png 200 OK
INFO:root:GET /img/tlo3.jpg 200 OK
INFO:root:GET /favicon.ico 404 NOT FOUND
INFO:root:GET /cennik.html 200 OK
INFO:root:GET /style.css 200 OK
INFO:root:GET /img/instagram.png 200 OK
INFO:root:GET /img/facebook.png 200 OK
INFO:root:GET /img/tlo3.jpg 200 OK
INFO:root:GET /cennik.html 200 OK
INFO:root:GET /style.css 200 OK
INFO:root:GET /img/facebook.png 200 OK
INFO:root:GET /img/instagram.png 200 OK
INFO:root:GET /img/tlo3.jpg 200 OK
INFO:root:GET /dupa.txt 200 OK
INFO:root:GET /favicon.ico 404 NOT FOUND
INFO:root:GET /dupa 404 NOT FOUND
INFO:root:GET /du 404 NOT FOUND
INFO:root:GET /du 404 NOT FOUND
INFO:root:GET /dufdgd 404 NOT FOUND
INFO:root:GET /dufdgd 404 NOT FOUND
INFO:root:GET /dufdgd 404 NOT FOUND sfddsff
INFO:root:GET /dufdgd 404 NOT FOUND sfddsff
INFO:root:GET /dufdgd 404 NOT FOUND sfddsff
INFO:root:GET /dupa.txt 200 OK
INFO:root:GET /dupa 404 NOT FOUND sfddsff
INFO:root:GET /dupa 404 NOT FOUND
INFO:root:GET /dupa 404 NOT FOUND
INFO:root:GET /dupa.txt 200 OK
INFO:root:GET /index.html 200 OK
INFO:root:GET /style.css 200 OK
INFO:root:GET /img/instagram.png 200 OK
INFO:root:GET /img/facebook.png 200 OK
INFO:root:GET /img/woman.jpg 200 OK
INFO:root:GET /img/tlo3.jpg 200 OK
INFO:root:GET /style.css 200 OK
INFO:root:GET /kontakt.html 200 OK
INFO:root:GET /style.css 200 OK
INFO:root:GET /img/facebook.png 200 OK
INFO:root:GET /img/instagram.png 200 OK
INFO:root:GET /img/tlo3.jpg 200 OK
INFO:root:GET /cennik.html 200 OK
INFO:root:GET /style.css 200 OK
INFO:root:GET /img/facebook.png 200 OK
INFO:root:GET /img/instagram.png 200 OK
INFO:root:GET /img/tlo3.jpg 200 OK
INFO:root:GET /cennik.html 200 OK
INFO:root:GET /img/facebook.png 200 OK
INFO:root:GET /style.css 200 OK
INFO:root:GET /img/instagram.png 200 OK
INFO:root:GET /img/tlo3.jpg 200 OK
INFO:root:GET /cennik.html 200 OK
INFO:root:GET /style.css 200 OK
INFO:root:GET /img/facebook.png 200 OK
INFO:root:GET /img/instagram.png 200 OK
INFO:root:GET /img/tlo3.jpg 200 OK
INFO:root:GET /index.html 200 OK
INFO:root:GET /style.css 200 OK
INFO:root:GET /img/instagram.png 200 OK
INFO:root:GET /img/facebook.png 200 OK
INFO:root:GET /img/woman.jpg 200 OK
INFO:root:GET /img/tlo3.jpg 200 OK
ERROR:root:Error handling request: [Errno 13] Permission denied: 'C:\\Users\\Chris\\PycharmProjects\\sieciWWW\\htdocs\\img'
INFO:root:GET /img 500 INTERNAL SERVER ERROR
INFO:root:GET /img/tlo3.jpg 200 OK
INFO:root:GET /cennik.html 200 OK
INFO:root:GET /style.css 200 OK
INFO:root:GET /img/instagram.png 200 OK
INFO:root:GET /img/facebook.png 200 OK
INFO:root:GET /img/tlo3.jpg 200 OK
INFO:root:GET /index.html 200 OK
INFO:root:GET /style.css 200 OK
INFO:root:GET /img/woman.jpg 200 OK
INFO:root:GET /img/instagram.png 200 OK
INFO:root:GET /img/facebook.png 200 OK
INFO:root:GET /img/tlo3.jpg 200 OK
INFO:root:GET /index.html 200 OK
INFO:root:GET /img/facebook.png 200 OK
INFO:root:GET /style.css 200 OK
INFO:root:GET /img/instagram.png 200 OK
INFO:root:GET /img/woman.jpg 200 OK
INFO:root:GET /img/tlo3.jpg 200 OK
INFO:root:GET /cennik.html 200 OK
INFO:root:GET /style.css 200 OK
INFO:root:GET /img/facebook.png 200 OK
INFO:root:GET /img/instagram.png 200 OK
INFO:root:GET /img/tlo3.jpg 200 OK
INFO:root:GET /cennik.html 200 OK
INFO:root:GET /img/facebook.png 200 OK
INFO:root:GET /img/instagram.png 200 OK
INFO:root:GET /style.css 200 OK
INFO:root:GET /galeria.html 200 OK
INFO:root:GET /style.css 200 OK
INFO:root:GET /img/tlo3.jpg 200 OK
INFO:root:GET /img/tlo3.jpg 200 OK
INFO:root:GET /nails/image2.jpg 200 OK
INFO:root:GET /nails/image1.jpg 200 OK
INFO:root:GET /nails/image3.jpg 200 OK
INFO:root:GET /nails/image4.jpg 200 OK
INFO:root:GET /img/facebook.png 200 OK
INFO:root:GET /img/instagram.png 200 OK
INFO:root:GET /kontakt.html 200 OK
INFO:root:GET /style.css 200 OK
INFO:root:GET /img/facebook.png 200 OK
INFO:root:GET /img/instagram.png 200 OK
INFO:root:GET /img/tlo3.jpg 200 OK
INFO:root:GET /dupa.txt 200 OK
INFO:root:GET /dupa 404 NOT FOUND
INFO:root:GET /sdada/sa 404 NOT FOUND
INFO:root:GET /index.html 200 OK
INFO:root:GET /style.css 200 OK
INFO:root:GET /img/facebook.png 200 OK
INFO:root:GET /img/instagram.png 200 OK
INFO:root:GET /img/woman.jpg 200 OK
INFO:root:GET /img/tlo3.jpg 200 OK
INFO:root:GET /kontakt.html 200 OK
INFO:root:GET /style.css 200 OK
INFO:root:GET /img/facebook.png 200 OK
INFO:root:GET /img/instagram.png 200 OK
INFO:root:GET /img/tlo3.jpg 200 OK
INFO:root:GET /index.html 200 OK
INFO:root:GET /style.css 200 OK
INFO:root:GET /img/facebook.png 200 OK
INFO:root:GET /img/instagram.png 200 OK
INFO:root:GET /img/woman.jpg 200 OK
INFO:root:GET /favicon.ico 404 NOT FOUND
INFO:root:GET /img/tlo3.jpg 200 OK
INFO:root:GET /cennik.html 200 OK
INFO:root:GET /style.css 200 OK
INFO:root:GET /img/instagram.png 200 OK
INFO:root:GET /img/facebook.png 200 OK
INFO:root:GET /img/tlo3.jpg 200 OK
INFO:root:GET /galeria.html 200 OK
INFO:root:GET /img/instagram.png 200 OK
INFO:root:GET /style.css 200 OK
INFO:root:GET /nails/image2.jpg 200 OK
INFO:root:GET /nails/image4.jpg 200 OK
INFO:root:GET /nails/image3.jpg 200 OK
INFO:root:GET /nails/image1.jpg 200 OK
INFO:root:GET /img/tlo3.jpg 200 OK
INFO:root:GET /img/facebook.png 200 OK
INFO:root:GET /index.html 200 OK
INFO:root:GET /style.css 200 OK
INFO:root:GET /img/facebook.png 200 OK
INFO:root:GET /img/instagram.png 200 OK
INFO:root:GET /img/woman.jpg 200 OK
INFO:root:GET /img/tlo3.jpg 200 OK
INFO:root:GET /galeria 404 NOT FOUND
ERROR:root:Error handling request: [Errno 13] Permission denied: 'C:\\Users\\Chris\\PycharmProjects\\sieciWWW\\htdocs\\img'
INFO:root:GET /img 500 INTERNAL SERVER ERROR
INFO:root:GET /img/tlo3 404 NOT FOUND
INFO:root:GET /img/tlo3.jpg 200 OK
INFO:root:GET /img/tlo3 404 NOT FOUND
ERROR:root:Error handling request: [Errno 13] Permission denied: 'C:\\Users\\Chris\\PycharmProjects\\sieciWWW\\htdocs\\img'
INFO:root:GET /img 500 INTERNAL SERVER ERROR
INFO:root:GET /htdocs 404 NOT FOUND
INFO:root:GET /index.html 200 OK
INFO:root:GET /style.css 200 OK
INFO:root:GET /img/facebook.png 200 OK
INFO:root:GET /img/woman.jpg 200 OK
INFO:root:GET /img/instagram.png 200 OK
INFO:root:GET /img/tlo3.jpg 200 OK
INFO:root:GET /cennik.html 200 OK
INFO:root:GET /style.css 200 OK
INFO:root:GET /img/instagram.png 200 OK
INFO:root:GET /img/facebook.png 200 OK
INFO:root:GET /img/tlo3.jpg 200 OK
INFO:root:GET /galeria.html 200 OK
INFO:root:GET /style.css 200 OK
INFO:root:GET /nails/image1.jpg 200 OK
INFO:root:GET /nails/image2.jpg 200 OK
INFO:root:GET /nails/image3.jpg 200 OK
INFO:root:GET /img/instagram.png 200 OK
INFO:root:GET /nails/image4.jpg 200 OK
INFO:root:GET /img/facebook.png 200 OK
INFO:root:GET /img/tlo3.jpg 200 OK
INFO:root:GET /style.css 200 OK
INFO:root:GET /index.html 200 OK
INFO:root:GET /style.css 200 OK
INFO:root:GET /img/woman.jpg 200 OK
INFO:root:GET /img/facebook.png 200 OK
INFO:root:GET /img/instagram.png 200 OK
INFO:root:GET /img/tlo3.jpg 200 OK
INFO:root:GET /cennik.html 200 OK
INFO:root:GET /style.css 200 OK
INFO:root:GET /img/facebook.png 200 OK
INFO:root:GET /img/instagram.png 200 OK
INFO:root:GET /img/tlo3.jpg 200 OK
INFO:root:GET /galeria.html 200 OK
INFO:root:GET /style.css 200 OK
INFO:root:GET /img/facebook.png 200 OK
INFO:root:GET /img/instagram.png 200 OK
INFO:root:GET /nails/image1.jpg 200 OK
INFO:root:GET /nails/image2.jpg 200 OK
INFO:root:GET /nails/image3.jpg 200 OK
INFO:root:GET /nails/image4.jpg 200 OK
INFO:root:GET /img/tlo3.jpg 200 OK
INFO:root:GET /kontakt.html 200 OK
INFO:root:GET /style.css 200 OK
INFO:root:GET /img/facebook.png 200 OK
INFO:root:GET /img/instagram.png 200 OK
INFO:root:GET /img/tlo3.jpg 200 OK
INFO:root:GET /index.html 200 OK
INFO:root:GET /style.css 403 FORBIDDEN
INFO:root:GET /img/woman.jpg 403 FORBIDDEN
INFO:root:GET /img/facebook.png 403 FORBIDDEN
INFO:root:GET /img/instagram.png 403 FORBIDDEN
INFO:root:GET /style.css 403 FORBIDDEN
INFO:root:GET /index.html 200 OK
INFO:root:GET /style.css 200 OK
INFO:root:GET /img/instagram.png 403 FORBIDDEN
INFO:root:GET /img/woman.jpg 403 FORBIDDEN
INFO:root:GET /img/tlo3.jpg 403 FORBIDDEN
INFO:root:GET /img/facebook.png 403 FORBIDDEN
INFO:root:GET /cennik.html 200 OK
INFO:root:GET /img/facebook.png 403 FORBIDDEN
INFO:root:GET /style.css 200 OK
INFO:root:GET /img/instagram.png 403 FORBIDDEN
INFO:root:GET /img/tlo3.jpg 403 FORBIDDEN
INFO:root:GET /index.html 200 OK
INFO:root:GET /img/woman.jpg 403 FORBIDDEN
INFO:root:GET /img/facebook.png 403 FORBIDDEN
INFO:root:GET /img/instagram.png 403 FORBIDDEN
INFO:root:GET /style.css 200 OK
INFO:root:GET /img/tlo3.jpg 403 FORBIDDEN
INFO:root:GET /dupa.txt 200 OK
INFO:root:GET /index.html 200 OK
INFO:root:GET /style.css 200 OK
INFO:root:GET /img/woman.jpg 403 FORBIDDEN
INFO:root:GET /img/instagram.png 403 FORBIDDEN
INFO:root:GET /img/facebook.png 403 FORBIDDEN
INFO:root:GET /img/tlo3.jpg 403 FORBIDDEN
INFO:root:GET /index.html 200 OK
INFO:root:GET /img/woman.jpg 403 FORBIDDEN
INFO:root:GET /img/facebook.png 403 FORBIDDEN
INFO:root:GET /img/instagram.png 403 FORBIDDEN
INFO:root:GET /style.css 200 OK
INFO:root:GET /img/tlo3.jpg 403 FORBIDDEN
INFO:root:GET /index.html 200 OK
INFO:root:GET /img/woman.jpg 403 FORBIDDEN
INFO:root:GET /img/facebook.png 403 FORBIDDEN
INFO:root:GET /img/instagram.png 403 FORBIDDEN
INFO:root:GET /style.css 200 OK
INFO:root:GET /img/tlo3.jpg 403 FORBIDDEN
INFO:root:GET /index.html 200 OK
INFO:root:GET /img/facebook.png 200 OK
INFO:root:GET /img/instagram.png 200 OK
INFO:root:GET /img/woman.jpg 200 OK
INFO:root:GET /index.html 200 OK
INFO:root:GET /style.css 200 OK
INFO:root:GET /img/facebook.png 200 OK
INFO:root:GET /img/instagram.png 200 OK
INFO:root:GET /img/woman.jpg 200 OK
INFO:root:GET /img/tlo3.jpg 200 OK
INFO:root:GET /index.html 200 OK
INFO:root:GET /style.css 200 OK
INFO:root:GET /img/instagram.png 200 OK
INFO:root:GET /img/facebook.png 200 OK
INFO:root:GET /img/woman.jpg 200 OK
INFO:root:GET /img/tlo3.jpg 200 OK
INFO:root:GET /cennik.html 200 OK
INFO:root:GET /style.css 200 OK
INFO:root:GET /img/facebook.png 200 OK
INFO:root:GET /img/instagram.png 200 OK
INFO:root:GET /img/tlo3.jpg 200 OK
INFO:root:GET /galeria.html 200 OK
INFO:root:GET /style.css 200 OK
INFO:root:GET /img/instagram.png 200 OK
INFO:root:GET /nails/image2.jpg 200 OK
INFO:root:GET /nails/image4.jpg 200 OK
INFO:root:GET /nails/image3.jpg 200 OK
INFO:root:GET /nails/image1.jpg 200 OK
INFO:root:GET /img/facebook.png 200 OK
INFO:root:GET /img/tlo3.jpg 200 OK
INFO:root:GET /kontakt.html 200 OK
INFO:root:GET /style.css 200 OK
INFO:root:GET /img/instagram.png 200 OK
INFO:root:GET /img/facebook.png 200 OK
INFO:root:GET /img/tlo3.jpg 200 OK
INFO:root:GET /galeria.html 200 OK
INFO:root:GET /nails/image1.jpg 200 OK
INFO:root:GET /nails/image2.jpg 200 OK
INFO:root:GET /style.css 200 OK
INFO:root:GET /nails/image4.jpg 200 OK
INFO:root:GET /nails/image3.jpg 200 OK
INFO:root:GET /img/facebook.png 200 OK
INFO:root:GET /img/instagram.png 200 OK
INFO:root:GET /img/tlo3.jpg 200 OK
INFO:root:GET /index.html 200 OK
INFO:root:GET /style.css 200 OK
INFO:root:GET /img/facebook.png 200 OK
INFO:root:GET /img/woman.jpg 200 OK
INFO:root:GET /img/instagram.png 200 OK
INFO:root:GET /img/tlo3.jpg 200 OK
INFO:root:GET /favicon.ico 404 NOT FOUND
INFO:root:GET /img/tlo3.jpg 200 OK
